Created by PLY version 3.4 (http://www.dabeaz.com/ply)

Grammar

Rule 0     S' -> program
Rule 1     program -> OPEN_TAG declaration_list CLOSE_TAG
Rule 2     declaration_list -> declaration_list declaration
Rule 3     declaration_list -> declaration
Rule 4     declaration -> var_declaration2
Rule 5     declaration -> fun_declaration
Rule 6     declaration -> header_declaration
Rule 7     declaration -> class_declaration
Rule 8     header_declaration -> REQUIRE LPAREN STRING RPAREN SEMICOLON
Rule 9     class_declaration -> CLASS FUNCTION_NAME class_stmt
Rule 10    class_stmt -> LBLOCK attributes methods RBLOCK
Rule 11    attributes -> attributes scope var_declaration
Rule 12    attributes -> scope var_declaration
Rule 13    methods -> methods scope fun_declaration
Rule 14    methods -> scope fun_declaration
Rule 15    scope -> PRIVATE
Rule 16    scope -> PUBLIC
Rule 17    scope -> PROTECTED
Rule 18    var_declaration2 -> ID SEMICOLON var_declaration2
Rule 19    var_declaration2 -> ID SEMICOLON
Rule 20    var_declaration2 -> ID EQUAL NUMBER SEMICOLON var_declaration2
Rule 21    var_declaration2 -> ID EQUAL boolean SEMICOLON var_declaration2
Rule 22    var_declaration2 -> ID EQUAL NUMBER SEMICOLON
Rule 23    var_declaration2 -> ID EQUAL ID SEMICOLON var_declaration2
Rule 24    var_declaration2 -> ID EQUAL ID SEMICOLON
Rule 25    var_declaration2 -> AMPERSANT ID SEMICOLON
Rule 26    var_declaration2 -> AMPERSANT ID SEMICOLON var_declaration2
Rule 27    fun_declaration -> FUNCTION FUNCTION_NAME LPAREN params RPAREN compount_stmt
Rule 28    params -> param_list
Rule 29    params -> empty
Rule 30    param_list -> param_list COMMA param
Rule 31    param_list -> param
Rule 32    param -> ID
Rule 33    param -> ID LBRACKET RBRACKET
Rule 34    compount_stmt -> LBLOCK local_declarations statement_list RBLOCK
Rule 35    local_declarations -> local_declarations var_declaration
Rule 36    local_declarations -> empty
Rule 37    statement_list -> statement_list statement
Rule 38    statement_list -> empty
Rule 39    statement -> expression_stmt
Rule 40    statement -> compount_stmt
Rule 41    statement -> selection_stmt
Rule 42    statement -> iteration_stmt
Rule 43    statement -> return_stmt
Rule 44    expression_stmt -> expression SEMICOLON
Rule 45    expression_stmt -> SEMICOLON
Rule 46    selection_stmt -> IF LPAREN expression RPAREN statement
Rule 47    selection_stmt -> IF LPAREN expression RPAREN statement ELSE statement
Rule 48    selection_stmt -> SWITCH LPAREN var RPAREN statement
Rule 49    selection_stmt -> CASE NUMBER COLON statement BREAK SEMICOLON
Rule 50    selection_stmt -> DEFAULT COLON statement BREAK SEMICOLON
Rule 51    iteration_stmt -> WHILE LPAREN expression RPAREN statement
Rule 52    iteration_stmt -> FOR LPAREN var_declaration2 SEMICOLON expression SEMICOLON additive_expression RPAREN statement
Rule 53    return_stmt -> RETURN SEMICOLON
Rule 54    return_stmt -> RETURN expression SEMICOLON
Rule 55    expression -> var EQUAL expression
Rule 56    expression -> simple_expression
Rule 57    expression -> var EQUAL AMPERSANT ID
Rule 58    var -> ID
Rule 59    var -> ID LBRACKET expression RBRACKET
Rule 60    simple_expression -> additive_expression relop additive_expression
Rule 61    simple_expression -> additive_expression
Rule 62    relop -> LESS
Rule 63    relop -> LESSEQUAL
Rule 64    relop -> GREATER
Rule 65    relop -> GREATEREQUAL
Rule 66    relop -> DEQUAL
Rule 67    relop -> DISTINT
Rule 68    relop -> ISEQUAL
Rule 69    additive_expression -> additive_expression addop term
Rule 70    additive_expression -> term
Rule 71    additive_expression -> term MINUSMINUS
Rule 72    additive_expression -> term PLUSPLUS
Rule 73    addop -> PLUS
Rule 74    addop -> MINUS
Rule 75    term -> term mulop factor
Rule 76    term -> factor
Rule 77    mulop -> TIMES
Rule 78    mulop -> DIVIDE
Rule 79    factor -> LPAREN expression RPAREN
Rule 80    factor -> var
Rule 81    factor -> call
Rule 82    factor -> NUMBER
Rule 83    factor -> boolean
Rule 84    call -> ID LPAREN args RPAREN
Rule 85    args -> args_list
Rule 86    args -> empty
Rule 87    args_list -> args_list COMMA expression
Rule 88    args_list -> expression
Rule 89    boolean -> TRUE
Rule 90    boolean -> FALSE
Rule 91    empty -> <empty>

Terminals, with rules where they appear

AMPERSANT            : 25 26 57
BREAK                : 49 50
CASE                 : 49
CLASS                : 9
CLOSE_TAG            : 1
COLON                : 49 50
COMMA                : 30 87
DEFAULT              : 50
DEQUAL               : 66
DISTINT              : 67
DIVIDE               : 78
ELSE                 : 47
EQUAL                : 20 21 22 23 24 55 57
FALSE                : 90
FOR                  : 52
FUNCTION             : 27
FUNCTION_NAME        : 9 27
GREATER              : 64
GREATEREQUAL         : 65
ID                   : 18 19 20 21 22 23 23 24 24 25 26 32 33 57 58 59 84
IF                   : 46 47
ISEQUAL              : 68
LBLOCK               : 10 34
LBRACKET             : 33 59
LESS                 : 62
LESSEQUAL            : 63
LPAREN               : 8 27 46 47 48 51 52 79 84
MINUS                : 74
MINUSMINUS           : 71
NUMBER               : 20 22 49 82
OPEN_TAG             : 1
PLUS                 : 73
PLUSPLUS             : 72
PRIVATE              : 15
PROTECTED            : 17
PUBLIC               : 16
RBLOCK               : 10 34
RBRACKET             : 33 59
REQUIRE              : 8
RETURN               : 53 54
RPAREN               : 8 27 46 47 48 51 52 79 84
SEMICOLON            : 8 18 19 20 21 22 23 24 25 26 44 45 49 50 52 52 53 54
STRING               : 8
SWITCH               : 48
TIMES                : 77
TRUE                 : 89
WHILE                : 51
error                : 

Nonterminals, with rules where they appear

additive_expression  : 52 60 60 61 69
addop                : 69
args                 : 84
args_list            : 85 87
attributes           : 10 11
boolean              : 21 83
call                 : 81
class_declaration    : 7
class_stmt           : 9
compount_stmt        : 27 40
declaration          : 2 3
declaration_list     : 1 2
empty                : 29 36 38 86
expression           : 44 46 47 51 52 54 55 59 79 87 88
expression_stmt      : 39
factor               : 75 76
fun_declaration      : 5 13 14
header_declaration   : 6
iteration_stmt       : 42
local_declarations   : 34 35
methods              : 10 13
mulop                : 75
param                : 30 31
param_list           : 28 30
params               : 27
program              : 0
relop                : 60
return_stmt          : 43
scope                : 11 12 13 14
selection_stmt       : 41
simple_expression    : 56
statement            : 37 46 47 47 48 49 50 51 52
statement_list       : 34 37
term                 : 69 70 71 72 75
var                  : 48 55 57 80
var_declaration      : 11 12 35
var_declaration2     : 4 18 20 21 23 26 52

